{"C:\\dev\\challenges\\randomKnit\\src\\RandomKnit.js": {"path":"C:\\dev\\challenges\\randomKnit\\src\\RandomKnit.js","statementMap":{"0":{"start":{"line":22,"column":21},"end":{"line":22,"column":34}},"1":{"start":{"line":23,"column":21},"end":{"line":23,"column":34}},"2":{"start":{"line":24,"column":26},"end":{"line":24,"column":45}},"3":{"start":{"line":26,"column":32},"end":{"line":37,"column":8}},"4":{"start":{"line":39,"column":24},"end":{"line":39,"column":42}},"5":{"start":{"line":40,"column":83},"end":{"line":40,"column":89}},"6":{"start":{"line":42,"column":29},"end":{"line":44,"column":5}},"7":{"start":{"line":43,"column":8},"end":{"line":43,"column":83}},"8":{"start":{"line":46,"column":25},"end":{"line":59,"column":5}},"9":{"start":{"line":47,"column":28},"end":{"line":47,"column":68}},"10":{"start":{"line":48,"column":30},"end":{"line":51,"column":10}},"11":{"start":{"line":49,"column":27},"end":{"line":49,"column":39}},"12":{"start":{"line":50,"column":12},"end":{"line":50,"column":37}},"13":{"start":{"line":52,"column":24},"end":{"line":52,"column":80}},"14":{"start":{"line":53,"column":8},"end":{"line":58,"column":11}},"15":{"start":{"line":62,"column":4},"end":{"line":65,"column":79}},"16":{"start":{"line":63,"column":8},"end":{"line":63,"column":50}},"17":{"start":{"line":64,"column":8},"end":{"line":64,"column":56}},"18":{"start":{"line":67,"column":4},"end":{"line":133,"column":5}},"19":{"start":{"line":71,"column":51},"end":{"line":71,"column":85}},"20":{"start":{"line":72,"column":83},"end":{"line":72,"column":116}},"21":{"start":{"line":73,"column":49},"end":{"line":73,"column":83}},"22":{"start":{"line":74,"column":61},"end":{"line":74,"column":99}},"23":{"start":{"line":83,"column":61},"end":{"line":83,"column":99}},"24":{"start":{"line":84,"column":61},"end":{"line":84,"column":99}},"25":{"start":{"line":85,"column":46},"end":{"line":85,"column":77}},"26":{"start":{"line":86,"column":46},"end":{"line":86,"column":77}},"27":{"start":{"line":87,"column":49},"end":{"line":87,"column":81}}},"fnMap":{"0":{"name":"RandomKnit","decl":{"start":{"line":21,"column":24},"end":{"line":21,"column":34}},"loc":{"start":{"line":21,"column":37},"end":{"line":134,"column":1}},"line":21},"1":{"name":"(anonymous_1)","decl":{"start":{"line":42,"column":29},"end":{"line":42,"column":30}},"loc":{"start":{"line":42,"column":35},"end":{"line":44,"column":5}},"line":42},"2":{"name":"(anonymous_2)","decl":{"start":{"line":46,"column":25},"end":{"line":46,"column":26}},"loc":{"start":{"line":46,"column":31},"end":{"line":59,"column":5}},"line":46},"3":{"name":"(anonymous_3)","decl":{"start":{"line":48,"column":47},"end":{"line":48,"column":48}},"loc":{"start":{"line":48,"column":54},"end":{"line":51,"column":9}},"line":48},"4":{"name":"(anonymous_4)","decl":{"start":{"line":62,"column":20},"end":{"line":62,"column":21}},"loc":{"start":{"line":62,"column":26},"end":{"line":65,"column":5}},"line":62},"5":{"name":"(anonymous_5)","decl":{"start":{"line":71,"column":44},"end":{"line":71,"column":45}},"loc":{"start":{"line":71,"column":51},"end":{"line":71,"column":85}},"line":71},"6":{"name":"(anonymous_6)","decl":{"start":{"line":72,"column":76},"end":{"line":72,"column":77}},"loc":{"start":{"line":72,"column":83},"end":{"line":72,"column":116}},"line":72},"7":{"name":"(anonymous_7)","decl":{"start":{"line":73,"column":42},"end":{"line":73,"column":43}},"loc":{"start":{"line":73,"column":49},"end":{"line":73,"column":83}},"line":73},"8":{"name":"(anonymous_8)","decl":{"start":{"line":74,"column":54},"end":{"line":74,"column":55}},"loc":{"start":{"line":74,"column":61},"end":{"line":74,"column":99}},"line":74},"9":{"name":"(anonymous_9)","decl":{"start":{"line":83,"column":54},"end":{"line":83,"column":55}},"loc":{"start":{"line":83,"column":61},"end":{"line":83,"column":99}},"line":83},"10":{"name":"(anonymous_10)","decl":{"start":{"line":84,"column":54},"end":{"line":84,"column":55}},"loc":{"start":{"line":84,"column":61},"end":{"line":84,"column":99}},"line":84},"11":{"name":"(anonymous_11)","decl":{"start":{"line":85,"column":39},"end":{"line":85,"column":40}},"loc":{"start":{"line":85,"column":46},"end":{"line":85,"column":77}},"line":85},"12":{"name":"(anonymous_12)","decl":{"start":{"line":86,"column":39},"end":{"line":86,"column":40}},"loc":{"start":{"line":86,"column":46},"end":{"line":86,"column":77}},"line":86},"13":{"name":"(anonymous_13)","decl":{"start":{"line":87,"column":42},"end":{"line":87,"column":43}},"loc":{"start":{"line":87,"column":49},"end":{"line":87,"column":81}},"line":87}},"branchMap":{"0":{"loc":{"start":{"line":52,"column":24},"end":{"line":52,"column":80}},"type":"cond-expr","locations":[{"start":{"line":52,"column":40},"end":{"line":52,"column":58}},{"start":{"line":52,"column":61},"end":{"line":52,"column":80}}],"line":52},"1":{"loc":{"start":{"line":100,"column":21},"end":{"line":101,"column":143}},"type":"binary-expr","locations":[{"start":{"line":100,"column":21},"end":{"line":100,"column":49}},{"start":{"line":101,"column":24},"end":{"line":101,"column":143}}],"line":100}},"s":{"0":72,"1":72,"2":72,"3":72,"4":72,"5":72,"6":72,"7":7,"8":72,"9":2,"10":2,"11":3,"12":3,"13":2,"14":2,"15":72,"16":37,"17":37,"18":72,"19":1,"20":5,"21":4,"22":4,"23":1,"24":1,"25":1,"26":1,"27":1},"f":{"0":72,"1":7,"2":2,"3":3,"4":37,"5":1,"6":5,"7":4,"8":4,"9":1,"10":1,"11":1,"12":1,"13":1},"b":{"0":[1,1],"1":[72,12]},"_coverageSchema":"1a1c01bbd47fc00a2c39e90264f33305004495a9","hash":"85d4f2bb7a43ee717733fdd61ddefa42cdcbb379"}
,"C:\\dev\\challenges\\randomKnit\\src\\common\\config.js": {"path":"C:\\dev\\challenges\\randomKnit\\src\\common\\config.js","statementMap":{"0":{"start":{"line":1,"column":22},"end":{"line":13,"column":1}}},"fnMap":{},"branchMap":{},"s":{"0":1},"f":{},"b":{},"_coverageSchema":"1a1c01bbd47fc00a2c39e90264f33305004495a9","hash":"12cc2badd31554f277375380bbb5d589b0599b76"}
,"C:\\dev\\challenges\\randomKnit\\src\\common\\utils.js": {"path":"C:\\dev\\challenges\\randomKnit\\src\\common\\utils.js","statementMap":{"0":{"start":{"line":2,"column":30},"end":{"line":29,"column":1}},"1":{"start":{"line":3,"column":21},"end":{"line":3,"column":23}},"2":{"start":{"line":4,"column":4},"end":{"line":27,"column":5}},"3":{"start":{"line":4,"column":16},"end":{"line":4,"column":20}},"4":{"start":{"line":5,"column":20},"end":{"line":5,"column":22}},"5":{"start":{"line":7,"column":8},"end":{"line":12,"column":9}},"6":{"start":{"line":8,"column":27},"end":{"line":8,"column":34}},"7":{"start":{"line":9,"column":37},"end":{"line":9,"column":75}},"8":{"start":{"line":9,"column":55},"end":{"line":9,"column":74}},"9":{"start":{"line":10,"column":12},"end":{"line":10,"column":38}},"10":{"start":{"line":11,"column":12},"end":{"line":11,"column":38}},"11":{"start":{"line":13,"column":8},"end":{"line":25,"column":9}},"12":{"start":{"line":13,"column":20},"end":{"line":13,"column":28}},"13":{"start":{"line":15,"column":12},"end":{"line":22,"column":13}},"14":{"start":{"line":16,"column":16},"end":{"line":16,"column":56}},"15":{"start":{"line":17,"column":19},"end":{"line":22,"column":13}},"16":{"start":{"line":18,"column":16},"end":{"line":18,"column":56}},"17":{"start":{"line":20,"column":31},"end":{"line":20,"column":60}},"18":{"start":{"line":21,"column":16},"end":{"line":21,"column":52}},"19":{"start":{"line":24,"column":12},"end":{"line":24,"column":30}},"20":{"start":{"line":26,"column":8},"end":{"line":26,"column":27}},"21":{"start":{"line":28,"column":4},"end":{"line":28,"column":20}},"22":{"start":{"line":31,"column":35},"end":{"line":40,"column":1}},"23":{"start":{"line":32,"column":20},"end":{"line":36,"column":5}},"24":{"start":{"line":37,"column":18},"end":{"line":37,"column":54}},"25":{"start":{"line":38,"column":17},"end":{"line":38,"column":143}},"26":{"start":{"line":42,"column":30},"end":{"line":54,"column":1}},"27":{"start":{"line":43,"column":17},"end":{"line":43,"column":32}},"28":{"start":{"line":44,"column":21},"end":{"line":44,"column":39}},"29":{"start":{"line":45,"column":20},"end":{"line":45,"column":22}},"30":{"start":{"line":46,"column":4},"end":{"line":52,"column":5}},"31":{"start":{"line":46,"column":18},"end":{"line":46,"column":19}},"32":{"start":{"line":47,"column":23},"end":{"line":47,"column":25}},"33":{"start":{"line":48,"column":8},"end":{"line":50,"column":9}},"34":{"start":{"line":48,"column":25},"end":{"line":48,"column":29}},"35":{"start":{"line":49,"column":12},"end":{"line":49,"column":50}},"36":{"start":{"line":51,"column":8},"end":{"line":51,"column":29}},"37":{"start":{"line":53,"column":4},"end":{"line":53,"column":19}},"38":{"start":{"line":56,"column":30},"end":{"line":58,"column":1}},"39":{"start":{"line":57,"column":4},"end":{"line":57,"column":57}},"40":{"start":{"line":57,"column":42},"end":{"line":57,"column":55}},"41":{"start":{"line":60,"column":30},"end":{"line":62,"column":1}},"42":{"start":{"line":61,"column":4},"end":{"line":61,"column":54}},"43":{"start":{"line":61,"column":31},"end":{"line":61,"column":43}}},"fnMap":{"0":{"name":"(anonymous_0)","decl":{"start":{"line":2,"column":30},"end":{"line":2,"column":31}},"loc":{"start":{"line":2,"column":56},"end":{"line":29,"column":1}},"line":2},"1":{"name":"(anonymous_1)","decl":{"start":{"line":9,"column":49},"end":{"line":9,"column":50}},"loc":{"start":{"line":9,"column":55},"end":{"line":9,"column":74}},"line":9},"2":{"name":"(anonymous_2)","decl":{"start":{"line":31,"column":35},"end":{"line":31,"column":36}},"loc":{"start":{"line":31,"column":41},"end":{"line":40,"column":1}},"line":31},"3":{"name":"(anonymous_3)","decl":{"start":{"line":42,"column":30},"end":{"line":42,"column":31}},"loc":{"start":{"line":42,"column":44},"end":{"line":54,"column":1}},"line":42},"4":{"name":"(anonymous_4)","decl":{"start":{"line":56,"column":30},"end":{"line":56,"column":31}},"loc":{"start":{"line":56,"column":44},"end":{"line":58,"column":1}},"line":56},"5":{"name":"(anonymous_5)","decl":{"start":{"line":57,"column":35},"end":{"line":57,"column":36}},"loc":{"start":{"line":57,"column":42},"end":{"line":57,"column":55}},"line":57},"6":{"name":"(anonymous_6)","decl":{"start":{"line":60,"column":30},"end":{"line":60,"column":31}},"loc":{"start":{"line":60,"column":44},"end":{"line":62,"column":1}},"line":60},"7":{"name":"(anonymous_7)","decl":{"start":{"line":61,"column":24},"end":{"line":61,"column":25}},"loc":{"start":{"line":61,"column":31},"end":{"line":61,"column":43}},"line":61}},"branchMap":{"0":{"loc":{"start":{"line":7,"column":8},"end":{"line":12,"column":9}},"type":"if","locations":[{"start":{"line":7,"column":8},"end":{"line":12,"column":9}},{"start":{},"end":{}}],"line":7},"1":{"loc":{"start":{"line":15,"column":12},"end":{"line":22,"column":13}},"type":"if","locations":[{"start":{"line":15,"column":12},"end":{"line":22,"column":13}},{"start":{"line":17,"column":19},"end":{"line":22,"column":13}}],"line":15},"2":{"loc":{"start":{"line":17,"column":19},"end":{"line":22,"column":13}},"type":"if","locations":[{"start":{"line":17,"column":19},"end":{"line":22,"column":13}},{"start":{"line":19,"column":19},"end":{"line":22,"column":13}}],"line":17},"3":{"loc":{"start":{"line":21,"column":27},"end":{"line":21,"column":51}},"type":"cond-expr","locations":[{"start":{"line":21,"column":42},"end":{"line":21,"column":45}},{"start":{"line":21,"column":48},"end":{"line":21,"column":51}}],"line":21}},"s":{"0":1,"1":7,"2":7,"3":7,"4":35,"5":35,"6":12,"7":12,"8":33,"9":12,"10":12,"11":35,"12":35,"13":193,"14":76,"15":117,"16":45,"17":72,"18":72,"19":193,"20":35,"21":7,"22":1,"23":0,"24":0,"25":0,"26":1,"27":2,"28":2,"29":2,"30":2,"31":2,"32":8,"33":8,"34":8,"35":40,"36":8,"37":2,"38":1,"39":218,"40":1058,"41":1,"42":9,"43":43},"f":{"0":7,"1":33,"2":0,"3":2,"4":218,"5":1058,"6":9,"7":43},"b":{"0":[12,23],"1":[76,117],"2":[45,72],"3":[35,37]},"_coverageSchema":"1a1c01bbd47fc00a2c39e90264f33305004495a9","hash":"726a6cd04f420b7ec0964535feb4f5405c3dfd03"}
,"C:\\dev\\challenges\\randomKnit\\src\\common\\components\\Chart.js": {"path":"C:\\dev\\challenges\\randomKnit\\src\\common\\components\\Chart.js","statementMap":{"0":{"start":{"line":7,"column":83},"end":{"line":7,"column":88}},"1":{"start":{"line":8,"column":22},"end":{"line":8,"column":108}},"2":{"start":{"line":9,"column":17},"end":{"line":9,"column":64}},"3":{"start":{"line":10,"column":21},"end":{"line":10,"column":74}},"4":{"start":{"line":11,"column":4},"end":{"line":33,"column":6}},"5":{"start":{"line":36,"column":0},"end":{"line":45,"column":2}}},"fnMap":{"0":{"name":"Chart","decl":{"start":{"line":6,"column":24},"end":{"line":6,"column":29}},"loc":{"start":{"line":6,"column":37},"end":{"line":34,"column":1}},"line":6}},"branchMap":{"0":{"loc":{"start":{"line":7,"column":52},"end":{"line":7,"column":71}},"type":"default-arg","locations":[{"start":{"line":7,"column":66},"end":{"line":7,"column":71}}],"line":7},"1":{"loc":{"start":{"line":8,"column":22},"end":{"line":8,"column":108}},"type":"cond-expr","locations":[{"start":{"line":8,"column":49},"end":{"line":8,"column":67}},{"start":{"line":8,"column":70},"end":{"line":8,"column":108}}],"line":8},"2":{"loc":{"start":{"line":8,"column":22},"end":{"line":8,"column":46}},"type":"binary-expr","locations":[{"start":{"line":8,"column":22},"end":{"line":8,"column":29}},{"start":{"line":8,"column":33},"end":{"line":8,"column":46}}],"line":8},"3":{"loc":{"start":{"line":8,"column":70},"end":{"line":8,"column":108}},"type":"cond-expr","locations":[{"start":{"line":8,"column":80},"end":{"line":8,"column":98}},{"start":{"line":8,"column":101},"end":{"line":8,"column":108}}],"line":8},"4":{"loc":{"start":{"line":9,"column":17},"end":{"line":9,"column":64}},"type":"cond-expr","locations":[{"start":{"line":9,"column":27},"end":{"line":9,"column":46}},{"start":{"line":9,"column":49},"end":{"line":9,"column":64}}],"line":9},"5":{"loc":{"start":{"line":10,"column":21},"end":{"line":10,"column":74}},"type":"cond-expr","locations":[{"start":{"line":10,"column":31},"end":{"line":10,"column":53}},{"start":{"line":10,"column":56},"end":{"line":10,"column":74}}],"line":10},"6":{"loc":{"start":{"line":14,"column":13},"end":{"line":15,"column":89}},"type":"binary-expr","locations":[{"start":{"line":14,"column":13},"end":{"line":14,"column":20}},{"start":{"line":15,"column":16},"end":{"line":15,"column":89}}],"line":14},"7":{"loc":{"start":{"line":18,"column":13},"end":{"line":19,"column":58}},"type":"binary-expr","locations":[{"start":{"line":18,"column":13},"end":{"line":18,"column":26}},{"start":{"line":19,"column":16},"end":{"line":19,"column":58}}],"line":18},"8":{"loc":{"start":{"line":22,"column":13},"end":{"line":23,"column":89}},"type":"binary-expr","locations":[{"start":{"line":22,"column":13},"end":{"line":22,"column":20}},{"start":{"line":23,"column":16},"end":{"line":23,"column":89}}],"line":22},"9":{"loc":{"start":{"line":25,"column":13},"end":{"line":26,"column":97}},"type":"binary-expr","locations":[{"start":{"line":25,"column":13},"end":{"line":25,"column":20}},{"start":{"line":25,"column":24},"end":{"line":25,"column":31}},{"start":{"line":26,"column":16},"end":{"line":26,"column":97}}],"line":25},"10":{"loc":{"start":{"line":29,"column":13},"end":{"line":30,"column":84}},"type":"binary-expr","locations":[{"start":{"line":29,"column":13},"end":{"line":29,"column":26}},{"start":{"line":30,"column":16},"end":{"line":30,"column":84}}],"line":29}},"s":{"0":7832,"1":7832,"2":7832,"3":7832,"4":7832,"5":1},"f":{"0":7832},"b":{"0":[7760],"1":[38,7794],"2":[7832,1126],"3":[1088,6706],"4":[1384,6448],"5":[1126,6706],"6":[7832,1126],"7":[7832,72],"8":[7832,1384],"9":[7832,1126,1126],"10":[7832,72]},"_coverageSchema":"1a1c01bbd47fc00a2c39e90264f33305004495a9","hash":"ff3bc14dec94741cf828957b76ff023250a1ee94"}
,"C:\\dev\\challenges\\randomKnit\\src\\common\\components\\ChartLabels.js": {"path":"C:\\dev\\challenges\\randomKnit\\src\\common\\components\\ChartLabels.js","statementMap":{"0":{"start":{"line":5,"column":35},"end":{"line":5,"column":40}},"1":{"start":{"line":6,"column":19},"end":{"line":6,"column":21}},"2":{"start":{"line":7,"column":4},"end":{"line":9,"column":5}},"3":{"start":{"line":7,"column":16},"end":{"line":7,"column":21}},"4":{"start":{"line":8,"column":8},"end":{"line":8,"column":66}},"5":{"start":{"line":10,"column":4},"end":{"line":14,"column":6}},"6":{"start":{"line":17,"column":0},"end":{"line":21,"column":2}}},"fnMap":{"0":{"name":"ChartLabels","decl":{"start":{"line":4,"column":24},"end":{"line":4,"column":35}},"loc":{"start":{"line":4,"column":43},"end":{"line":15,"column":1}},"line":4}},"branchMap":{},"s":{"0":144,"1":144,"2":144,"3":144,"4":1102,"5":144,"6":1},"f":{"0":144},"b":{},"_coverageSchema":"1a1c01bbd47fc00a2c39e90264f33305004495a9","hash":"d4882053dde132e56c7056c12eef8e731d615e57"}
,"C:\\dev\\challenges\\randomKnit\\src\\common\\components\\Checkbox.js": {"path":"C:\\dev\\challenges\\randomKnit\\src\\common\\components\\Checkbox.js","statementMap":{"0":{"start":{"line":5,"column":43},"end":{"line":5,"column":48}},"1":{"start":{"line":6,"column":4},"end":{"line":11,"column":6}},"2":{"start":{"line":14,"column":0},"end":{"line":19,"column":2}}},"fnMap":{"0":{"name":"Checkbox","decl":{"start":{"line":4,"column":24},"end":{"line":4,"column":32}},"loc":{"start":{"line":4,"column":40},"end":{"line":12,"column":1}},"line":4}},"branchMap":{},"s":{"0":144,"1":144,"2":1},"f":{"0":144},"b":{},"_coverageSchema":"1a1c01bbd47fc00a2c39e90264f33305004495a9","hash":"deb2d37f5277ff23f34f690adec6ed8f3dcad812"}
,"C:\\dev\\challenges\\randomKnit\\src\\common\\components\\ColorPicker.js": {"path":"C:\\dev\\challenges\\randomKnit\\src\\common\\components\\ColorPicker.js","statementMap":{"0":{"start":{"line":5,"column":39},"end":{"line":5,"column":44}},"1":{"start":{"line":6,"column":4},"end":{"line":11,"column":6}},"2":{"start":{"line":14,"column":0},"end":{"line":19,"column":2}}},"fnMap":{"0":{"name":"ColorPicker","decl":{"start":{"line":4,"column":24},"end":{"line":4,"column":35}},"loc":{"start":{"line":4,"column":43},"end":{"line":12,"column":1}},"line":4}},"branchMap":{},"s":{"0":180,"1":180,"2":1},"f":{"0":180},"b":{},"_coverageSchema":"1a1c01bbd47fc00a2c39e90264f33305004495a9","hash":"5e7d4dfe4381ed22e9656355c85f03cd6550ef93"}
,"C:\\dev\\challenges\\randomKnit\\src\\common\\components\\Header.js": {"path":"C:\\dev\\challenges\\randomKnit\\src\\common\\components\\Header.js","statementMap":{"0":{"start":{"line":5,"column":20},"end":{"line":5,"column":33}},"1":{"start":{"line":6,"column":25},"end":{"line":6,"column":30}},"2":{"start":{"line":8,"column":22},"end":{"line":8,"column":61}},"3":{"start":{"line":10,"column":4},"end":{"line":14,"column":6}},"4":{"start":{"line":17,"column":0},"end":{"line":21,"column":4}}},"fnMap":{"0":{"name":"Header","decl":{"start":{"line":4,"column":24},"end":{"line":4,"column":30}},"loc":{"start":{"line":4,"column":38},"end":{"line":15,"column":1}},"line":4}},"branchMap":{"0":{"loc":{"start":{"line":8,"column":22},"end":{"line":8,"column":61}},"type":"cond-expr","locations":[{"start":{"line":8,"column":29},"end":{"line":8,"column":54}},{"start":{"line":8,"column":57},"end":{"line":8,"column":61}}],"line":8}},"s":{"0":360,"1":360,"2":360,"3":360,"4":1},"f":{"0":360},"b":{"0":[72,288]},"_coverageSchema":"1a1c01bbd47fc00a2c39e90264f33305004495a9","hash":"34d01f1736ca49629598f461ea2b1570523bcb70"}
,"C:\\dev\\challenges\\randomKnit\\src\\common\\components\\NumberInput.js": {"path":"C:\\dev\\challenges\\randomKnit\\src\\common\\components\\NumberInput.js","statementMap":{"0":{"start":{"line":5,"column":39},"end":{"line":5,"column":44}},"1":{"start":{"line":6,"column":4},"end":{"line":11,"column":6}},"2":{"start":{"line":14,"column":0},"end":{"line":19,"column":2}}},"fnMap":{"0":{"name":"NumberInput","decl":{"start":{"line":4,"column":24},"end":{"line":4,"column":35}},"loc":{"start":{"line":4,"column":43},"end":{"line":12,"column":1}},"line":4}},"branchMap":{},"s":{"0":144,"1":144,"2":1},"f":{"0":144},"b":{},"_coverageSchema":"1a1c01bbd47fc00a2c39e90264f33305004495a9","hash":"b3b21f20bc40c03730b7ed661773f7b7b7c409f0"}
,"C:\\dev\\challenges\\randomKnit\\src\\common\\components\\Options.js": {"path":"C:\\dev\\challenges\\randomKnit\\src\\common\\components\\Options.js","statementMap":{"0":{"start":{"line":8,"column":96},"end":{"line":8,"column":101}},"1":{"start":{"line":10,"column":4},"end":{"line":21,"column":5}},"2":{"start":{"line":24,"column":0},"end":{"line":36,"column":2}}},"fnMap":{"0":{"name":"Options","decl":{"start":{"line":7,"column":24},"end":{"line":7,"column":31}},"loc":{"start":{"line":7,"column":39},"end":{"line":22,"column":1}},"line":7}},"branchMap":{"0":{"loc":{"start":{"line":17,"column":14},"end":{"line":18,"column":93}},"type":"binary-expr","locations":[{"start":{"line":17,"column":14},"end":{"line":17,"column":32}},{"start":{"line":18,"column":16},"end":{"line":18,"column":93}}],"line":17}},"s":{"0":72,"1":72,"2":1},"f":{"0":72},"b":{"0":[72,36]},"_coverageSchema":"1a1c01bbd47fc00a2c39e90264f33305004495a9","hash":"bd9a797772034f3909b7044be0f7c99ea75672ac"}
,"C:\\dev\\challenges\\randomKnit\\src\\common\\components\\Preview.js": {"path":"C:\\dev\\challenges\\randomKnit\\src\\common\\components\\Preview.js","statementMap":{"0":{"start":{"line":6,"column":62},"end":{"line":6,"column":67}},"1":{"start":{"line":7,"column":17},"end":{"line":7,"column":64}},"2":{"start":{"line":8,"column":23},"end":{"line":8,"column":94}},"3":{"start":{"line":9,"column":21},"end":{"line":9,"column":74}},"4":{"start":{"line":10,"column":26},"end":{"line":10,"column":109}},"5":{"start":{"line":11,"column":26},"end":{"line":11,"column":52}},"6":{"start":{"line":12,"column":18},"end":{"line":12,"column":72}},"7":{"start":{"line":13,"column":18},"end":{"line":13,"column":20}},"8":{"start":{"line":15,"column":4},"end":{"line":25,"column":5}},"9":{"start":{"line":15,"column":16},"end":{"line":15,"column":17}},"10":{"start":{"line":16,"column":26},"end":{"line":16,"column":53}},"11":{"start":{"line":17,"column":26},"end":{"line":17,"column":98}},"12":{"start":{"line":18,"column":8},"end":{"line":24,"column":11}},"13":{"start":{"line":26,"column":4},"end":{"line":30,"column":6}},"14":{"start":{"line":33,"column":0},"end":{"line":41,"column":2}}},"fnMap":{"0":{"name":"Preview","decl":{"start":{"line":5,"column":24},"end":{"line":5,"column":31}},"loc":{"start":{"line":5,"column":39},"end":{"line":31,"column":1}},"line":5}},"branchMap":{"0":{"loc":{"start":{"line":7,"column":17},"end":{"line":7,"column":64}},"type":"cond-expr","locations":[{"start":{"line":7,"column":27},"end":{"line":7,"column":46}},{"start":{"line":7,"column":49},"end":{"line":7,"column":64}}],"line":7},"1":{"loc":{"start":{"line":8,"column":23},"end":{"line":8,"column":94}},"type":"cond-expr","locations":[{"start":{"line":8,"column":49},"end":{"line":8,"column":72}},{"start":{"line":8,"column":75},"end":{"line":8,"column":94}}],"line":8},"2":{"loc":{"start":{"line":9,"column":21},"end":{"line":9,"column":74}},"type":"cond-expr","locations":[{"start":{"line":9,"column":31},"end":{"line":9,"column":53}},{"start":{"line":9,"column":56},"end":{"line":9,"column":74}}],"line":9},"3":{"loc":{"start":{"line":10,"column":26},"end":{"line":10,"column":109}},"type":"cond-expr","locations":[{"start":{"line":10,"column":56},"end":{"line":10,"column":83}},{"start":{"line":10,"column":86},"end":{"line":10,"column":109}}],"line":10},"4":{"loc":{"start":{"line":17,"column":26},"end":{"line":17,"column":98}},"type":"cond-expr","locations":[{"start":{"line":17,"column":45},"end":{"line":17,"column":54}},{"start":{"line":17,"column":57},"end":{"line":17,"column":98}}],"line":17},"5":{"loc":{"start":{"line":17,"column":26},"end":{"line":17,"column":42}},"type":"binary-expr","locations":[{"start":{"line":17,"column":26},"end":{"line":17,"column":33}},{"start":{"line":17,"column":37},"end":{"line":17,"column":42}}],"line":17},"6":{"loc":{"start":{"line":17,"column":57},"end":{"line":17,"column":98}},"type":"cond-expr","locations":[{"start":{"line":17,"column":84},"end":{"line":17,"column":93}},{"start":{"line":17,"column":96},"end":{"line":17,"column":98}}],"line":17},"7":{"loc":{"start":{"line":17,"column":57},"end":{"line":17,"column":81}},"type":"binary-expr","locations":[{"start":{"line":17,"column":57},"end":{"line":17,"column":64}},{"start":{"line":17,"column":68},"end":{"line":17,"column":81}}],"line":17}},"s":{"0":72,"1":72,"2":72,"3":72,"4":72,"5":72,"6":72,"7":72,"8":72,"9":72,"10":7760,"11":7760,"12":7760,"13":72,"14":1},"f":{"0":72},"b":{"0":[40,32],"1":[4,68],"2":[38,34],"3":[4,68],"4":[544,7216],"5":[7760,1088],"6":[400,6816],"7":[7216,800]},"_coverageSchema":"1a1c01bbd47fc00a2c39e90264f33305004495a9","hash":"5d069a5ae37f26232e692283403bc28e4c1e2272"}
,"C:\\dev\\challenges\\randomKnit\\src\\common\\components\\Select.js": {"path":"C:\\dev\\challenges\\randomKnit\\src\\common\\components\\Select.js","statementMap":{"0":{"start":{"line":6,"column":59},"end":{"line":6,"column":64}},"1":{"start":{"line":8,"column":4},"end":{"line":21,"column":6}},"2":{"start":{"line":13,"column":20},"end":{"line":13,"column":97}},"3":{"start":{"line":24,"column":0},"end":{"line":31,"column":2}}},"fnMap":{"0":{"name":"Select","decl":{"start":{"line":5,"column":24},"end":{"line":5,"column":30}},"loc":{"start":{"line":5,"column":38},"end":{"line":22,"column":1}},"line":5},"1":{"name":"(anonymous_1)","decl":{"start":{"line":12,"column":29},"end":{"line":12,"column":30}},"loc":{"start":{"line":12,"column":41},"end":{"line":14,"column":17}},"line":12}},"branchMap":{"0":{"loc":{"start":{"line":16,"column":13},"end":{"line":17,"column":41}},"type":"binary-expr","locations":[{"start":{"line":16,"column":13},"end":{"line":16,"column":20}},{"start":{"line":17,"column":16},"end":{"line":17,"column":41}}],"line":16}},"s":{"0":72,"1":72,"2":216,"3":1},"f":{"0":72,"1":216},"b":{"0":[72,72]},"_coverageSchema":"1a1c01bbd47fc00a2c39e90264f33305004495a9","hash":"da56e5e8ea258f05352fcf76cfa5e3291cd6f83b"}
,"C:\\dev\\challenges\\randomKnit\\src\\common\\components\\Setup.js": {"path":"C:\\dev\\challenges\\randomKnit\\src\\common\\components\\Setup.js","statementMap":{"0":{"start":{"line":9,"column":103},"end":{"line":9,"column":108}},"1":{"start":{"line":10,"column":24},"end":{"line":12,"column":155}},"2":{"start":{"line":14,"column":4},"end":{"line":24,"column":5}},"3":{"start":{"line":27,"column":0},"end":{"line":37,"column":2}}},"fnMap":{"0":{"name":"Setup","decl":{"start":{"line":8,"column":24},"end":{"line":8,"column":29}},"loc":{"start":{"line":8,"column":37},"end":{"line":25,"column":1}},"line":8}},"branchMap":{},"s":{"0":72,"1":72,"2":72,"3":1},"f":{"0":72},"b":{},"_coverageSchema":"1a1c01bbd47fc00a2c39e90264f33305004495a9","hash":"c75a5f84472494c348c1482128355cde589f6ccd"}
,"C:\\dev\\challenges\\randomKnit\\src\\common\\components\\Stitch.js": {"path":"C:\\dev\\challenges\\randomKnit\\src\\common\\components\\Stitch.js","statementMap":{"0":{"start":{"line":6,"column":31},"end":{"line":6,"column":36}},"1":{"start":{"line":7,"column":4},"end":{"line":12,"column":6}},"2":{"start":{"line":15,"column":0},"end":{"line":18,"column":2}}},"fnMap":{"0":{"name":"Stitch","decl":{"start":{"line":5,"column":24},"end":{"line":5,"column":30}},"loc":{"start":{"line":5,"column":38},"end":{"line":13,"column":1}},"line":5}},"branchMap":{},"s":{"0":174540,"1":174540,"2":1},"f":{"0":174540},"b":{},"_coverageSchema":"1a1c01bbd47fc00a2c39e90264f33305004495a9","hash":"89807f0285817159b9bf85a78d715fdf051f02ee"}
,"C:\\dev\\challenges\\randomKnit\\src\\common\\components\\TextInput.js": {"path":"C:\\dev\\challenges\\randomKnit\\src\\common\\components\\TextInput.js","statementMap":{"0":{"start":{"line":5,"column":39},"end":{"line":5,"column":44}},"1":{"start":{"line":6,"column":4},"end":{"line":11,"column":6}},"2":{"start":{"line":14,"column":0},"end":{"line":19,"column":2}}},"fnMap":{"0":{"name":"TextInput","decl":{"start":{"line":4,"column":24},"end":{"line":4,"column":33}},"loc":{"start":{"line":4,"column":41},"end":{"line":12,"column":1}},"line":4}},"branchMap":{},"s":{"0":72,"1":72,"2":1},"f":{"0":72},"b":{},"_coverageSchema":"1a1c01bbd47fc00a2c39e90264f33305004495a9","hash":"c320b89bf9199d51422dcda439333534f0acb69d"}
,"C:\\dev\\challenges\\randomKnit\\src\\common\\components\\Tile.js": {"path":"C:\\dev\\challenges\\randomKnit\\src\\common\\components\\Tile.js","statementMap":{"0":{"start":{"line":6,"column":60},"end":{"line":6,"column":65}},"1":{"start":{"line":7,"column":4},"end":{"line":13,"column":6}},"2":{"start":{"line":10,"column":16},"end":{"line":10,"column":119}},"3":{"start":{"line":16,"column":0},"end":{"line":23,"column":2}}},"fnMap":{"0":{"name":"Tile","decl":{"start":{"line":5,"column":24},"end":{"line":5,"column":28}},"loc":{"start":{"line":5,"column":36},"end":{"line":14,"column":1}},"line":5},"1":{"name":"(anonymous_1)","decl":{"start":{"line":9,"column":26},"end":{"line":9,"column":27}},"loc":{"start":{"line":9,"column":46},"end":{"line":11,"column":13}},"line":9}},"branchMap":{"0":{"loc":{"start":{"line":6,"column":34},"end":{"line":6,"column":48}},"type":"default-arg","locations":[{"start":{"line":6,"column":46},"end":{"line":6,"column":48}}],"line":6}},"s":{"0":11540,"1":11540,"2":41268,"3":1},"f":{"0":11540,"1":41268},"b":{"0":[72]},"_coverageSchema":"1a1c01bbd47fc00a2c39e90264f33305004495a9","hash":"e4b1a1cf654634a0ae07a5950475c4e6c334479f"}
,"C:\\dev\\challenges\\randomKnit\\src\\common\\components\\TileRow.js": {"path":"C:\\dev\\challenges\\randomKnit\\src\\common\\components\\TileRow.js","statementMap":{"0":{"start":{"line":6,"column":35},"end":{"line":6,"column":40}},"1":{"start":{"line":7,"column":19},"end":{"line":7,"column":32}},"2":{"start":{"line":9,"column":20},"end":{"line":9,"column":42}},"3":{"start":{"line":10,"column":20},"end":{"line":10,"column":50}},"4":{"start":{"line":11,"column":20},"end":{"line":11,"column":50}},"5":{"start":{"line":12,"column":20},"end":{"line":12,"column":50}},"6":{"start":{"line":13,"column":27},"end":{"line":13,"column":75}},"7":{"start":{"line":14,"column":8},"end":{"line":14,"column":32}},"8":{"start":{"line":19,"column":4},"end":{"line":26,"column":6}},"9":{"start":{"line":22,"column":31},"end":{"line":22,"column":74}},"10":{"start":{"line":23,"column":16},"end":{"line":23,"column":162}},"11":{"start":{"line":29,"column":0},"end":{"line":34,"column":2}}},"fnMap":{"0":{"name":"TileRow","decl":{"start":{"line":5,"column":24},"end":{"line":5,"column":31}},"loc":{"start":{"line":5,"column":39},"end":{"line":27,"column":1}},"line":5},"1":{"name":"isLight","decl":{"start":{"line":8,"column":13},"end":{"line":8,"column":20}},"loc":{"start":{"line":8,"column":28},"end":{"line":15,"column":5}},"line":8},"2":{"name":"(anonymous_2)","decl":{"start":{"line":21,"column":25},"end":{"line":21,"column":26}},"loc":{"start":{"line":21,"column":44},"end":{"line":24,"column":13}},"line":21}},"branchMap":{"0":{"loc":{"start":{"line":22,"column":31},"end":{"line":22,"column":74}},"type":"cond-expr","locations":[{"start":{"line":22,"column":57},"end":{"line":22,"column":59}},{"start":{"line":22,"column":62},"end":{"line":22,"column":74}}],"line":22}},"s":{"0":41268,"1":41268,"2":174540,"3":174540,"4":174540,"5":174540,"6":174540,"7":174540,"8":41268,"9":174540,"10":174540,"11":1},"f":{"0":41268,"1":174540,"2":174540},"b":{"0":[134238,40302]},"_coverageSchema":"1a1c01bbd47fc00a2c39e90264f33305004495a9","hash":"869980879af1e39e828abaedf45e54a9024237f1"}
,"C:\\dev\\challenges\\randomKnit\\src\\common\\components\\Tooltip.js": {"path":"C:\\dev\\challenges\\randomKnit\\src\\common\\components\\Tooltip.js","statementMap":{"0":{"start":{"line":5,"column":41},"end":{"line":5,"column":46}},"1":{"start":{"line":7,"column":4},"end":{"line":9,"column":6}},"2":{"start":{"line":12,"column":0},"end":{"line":16,"column":4}}},"fnMap":{"0":{"name":"Tooltip","decl":{"start":{"line":4,"column":24},"end":{"line":4,"column":31}},"loc":{"start":{"line":4,"column":39},"end":{"line":10,"column":1}},"line":4}},"branchMap":{"0":{"loc":{"start":{"line":5,"column":17},"end":{"line":5,"column":29}},"type":"default-arg","locations":[{"start":{"line":5,"column":26},"end":{"line":5,"column":29}}],"line":5}},"s":{"0":84,"1":84,"2":1},"f":{"0":84},"b":{"0":[72]},"_coverageSchema":"1a1c01bbd47fc00a2c39e90264f33305004495a9","hash":"a83d3578aa9a87c4963b6914ba63e8404d90c5b7"}
}
